Jan 18 13:32:15 ####### 
                ####### libDMET   version 0.4
                ####### A periodic DMET library for lattice model and realistic solid.
                ####### 
Jan 18 13:32:16    INFO HF solver Run
Jan 18 13:32:16 ******* Unrestricted Hartree-Fock with pyscf
Jan 18 13:32:16 ******* 
                ******* 
Jan 18 13:32:16 ******* ******** <class 'libdmet.solver.scf.UIHF'> ********
Jan 18 13:32:16 ******* method = UIHF-UHF
Jan 18 13:32:16 ******* initial guess = minao
Jan 18 13:32:16 ******* damping factor = 0
Jan 18 13:32:16 ******* level_shift factor = 0
Jan 18 13:32:16 ******* DIIS = <class 'pyscf.scf.diis.CDIIS'>
Jan 18 13:32:16 ******* diis_start_cycle = 1
Jan 18 13:32:16 ******* diis_space = 12
Jan 18 13:32:16 ******* SCF conv_tol = 1e-10
Jan 18 13:32:16 ******* SCF conv_tol_grad = None
Jan 18 13:32:16 ******* SCF max_cycles = 200
Jan 18 13:32:16 ******* direct_scf = False
Jan 18 13:32:16 ******* chkfile to save SCF result = /rc_scratch/anma2640/tmpwgr1mp0j
Jan 18 13:32:16 ******* max_memory 40000 MB (current use 192 MB)
Jan 18 13:32:16 ******* number electrons alpha = 30  beta = 30
Jan 18 13:32:16 ******* Set gradient conv threshold to 1e-05
Jan 18 13:32:16 ******* init E= -859.185263908699
Jan 18 13:32:16 *******   alpha nocc = 30  HOMO = 0.00856313914910278  LUMO = 0.752156146145816
Jan 18 13:32:16 *******   beta  nocc = 30  HOMO = 0.008563139147026  LUMO = 0.752156146144934
Jan 18 13:32:16 ******* cycle= 1 E= -859.185263908701  delta_E= -1.82e-12  |g|= 3.09e-07  |ddm|= 7.27e-07
Jan 18 13:32:16 *******   alpha nocc = 30  HOMO = 0.00856315513210026  LUMO = 0.752156140951708
Jan 18 13:32:16 *******   beta  nocc = 30  HOMO = 0.0085631551300064  LUMO = 0.752156140950802
Jan 18 13:32:16 ******* Extra cycle  E= -859.185263908701  delta_E=    0  |g|= 2.05e-07  |ddm|= 4.29e-07
Jan 18 13:32:16 ******* converged SCF energy = -859.185263908701  <S^2> = 3.7671442  2S+1 = 4.0085629
Jan 18 13:32:16 ******* Hartree-Fock convergence: True
Jan 18 13:32:16 ******* Hartree-Fock energy =    -859.185263908701
uhf ene from chol: -859.1852636735225
